<?xml version="1.0" encoding="UTF-8"?>
<!-- Generated by org.testng.reporters.JUnitReportReporter -->
<testsuite ignored="0" hostname="OsirisHernadez" failures="0" tests="1" name="pruebaSelenium.NewTest" time="5.189" errors="0" timestamp="01 oct. 2023 01:17:27 GMT" skipped="0">
  <testcase classname="pruebaSelenium.NewTest" name="f" time="5.189"/>
</testsuite> <!-- pruebaSelenium.NewTest -->
